[debug] [2025-10-18T15:24:17.009Z] ----------------------------------------------------------------------
[debug] [2025-10-18T15:24:17.012Z] Command:       /home/koshal1/.nvm/versions/node/v20.19.5/bin/node /usr/local/bin/firebase init
[debug] [2025-10-18T15:24:17.012Z] CLI Version:   14.20.0
[debug] [2025-10-18T15:24:17.013Z] Platform:      linux
[debug] [2025-10-18T15:24:17.013Z] Node Version:  v20.19.5
[debug] [2025-10-18T15:24:17.013Z] Time:          Sat Oct 18 2025 20:54:17 GMT+0530 (India Standard Time)
[debug] [2025-10-18T15:24:17.013Z] ----------------------------------------------------------------------
[debug] 
[info] 
     ######## #### ########  ######## ########     ###     ######  ########
     ##        ##  ##     ## ##       ##     ##  ##   ##  ##       ##
     ######    ##  ########  ######   ########  #########  ######  ######
     ##        ##  ##    ##  ##       ##     ## ##     ##       ## ##
     ##       #### ##     ## ######## ########  ##     ##  ######  ########

You're about to initialize a Firebase project in this directory:

  /home/koshal1/resturant

Before we get started, keep in mind:

  * You are initializing within an existing Firebase project directory

[info] 
=== Project Setup
[info] 
[info] First, let's associate this project directory with a Firebase project.
[info] You can create multiple project aliases by running firebase use --add, 
[info] 
[debug] [2025-10-18T15:24:27.535Z] > command requires scopes: ["email","openid","https://www.googleapis.com/auth/cloudplatformprojects.readonly","https://www.googleapis.com/auth/firebase","https://www.googleapis.com/auth/cloud-platform"]
[debug] [2025-10-18T15:24:27.535Z] > authorizing via signed-in user (mrbiswas52527@gmail.com)
[debug] [2025-10-18T15:24:27.537Z] Checked if tokens are valid: true, expires at: 1760804645714
[debug] [2025-10-18T15:24:27.537Z] Checked if tokens are valid: true, expires at: 1760804645714
[debug] [2025-10-18T15:24:27.539Z] >>> [apiv2][query] GET https://firebase.googleapis.com/v1beta1/projects pageSize=100
[debug] [2025-10-18T15:24:28.514Z] <<< [apiv2][status] GET https://firebase.googleapis.com/v1beta1/projects 200
[debug] [2025-10-18T15:24:28.514Z] <<< [apiv2][body] GET https://firebase.googleapis.com/v1beta1/projects [omitted]
[info] 
=== Hosting Setup
[debug] [2025-10-18T15:24:30.595Z] Checked if tokens are valid: true, expires at: 1760804645714
[debug] [2025-10-18T15:24:30.596Z] Checked if tokens are valid: true, expires at: 1760804645714
[debug] [2025-10-18T15:24:30.596Z] >>> [apiv2][query] GET https://firebase.googleapis.com/v1beta1/projects/resturant-ef4ad [none]
[debug] [2025-10-18T15:24:31.272Z] <<< [apiv2][status] GET https://firebase.googleapis.com/v1beta1/projects/resturant-ef4ad 200
[debug] [2025-10-18T15:24:31.272Z] <<< [apiv2][body] GET https://firebase.googleapis.com/v1beta1/projects/resturant-ef4ad {"projectId":"resturant-ef4ad","projectNumber":"458014795991","displayName":"resturant","name":"projects/resturant-ef4ad","resources":{"hostingSite":"resturant-ef4ad","realtimeDatabaseInstance":"resturant-ef4ad-default-rtdb"},"state":"ACTIVE","etag":"1_82677c4e-dbac-42d2-884e-4b9205872a89"}
[info] 
[info] Your public directory is the folder (relative to your project directory) that
[info] will contain Hosting assets to be uploaded with firebase deploy. If you
[info] have a build process for your assets, use your build's output directory.
[info] 
[debug] [2025-10-18T15:24:35.754Z] >>> [apiv2][query] GET https://www.gstatic.com/firebasejs/releases.json [none]
[debug] [2025-10-18T15:24:36.053Z] <<< [apiv2][status] GET https://www.gstatic.com/firebasejs/releases.json 200
[debug] [2025-10-18T15:24:36.053Z] <<< [apiv2][body] GET https://www.gstatic.com/firebasejs/releases.json {"current":{"version":"12.4.0","browserURL":"https://www.gstatic.com/firebasejs/12.4.0/firebase.js","packageURL":"https://www.gstatic.com/firebasejs/12.4.0/firebase.tgz"},"live":{"version":"12.4","browserURL":"https://www.gstatic.com/firebasejs/live/12.4/firebase.js","packageURL":"https://www.gstatic.com/firebasejs/live/12.4/firebase.tgz"},"components":{"ai":"https://www.gstatic.com/firebasejs/12.4.0/firebase-ai.js","analytics":"https://www.gstatic.com/firebasejs/12.4.0/firebase-analytics.js","app":"https://www.gstatic.com/firebasejs/12.4.0/firebase-app.js","app-check":"https://www.gstatic.com/firebasejs/12.4.0/firebase-app-check.js","auth":"https://www.gstatic.com/firebasejs/12.4.0/firebase-auth.js","auth/cordova":"https://www.gstatic.com/firebasejs/12.4.0/firebase-auth/cordova.js","auth/web-extension":"https://www.gstatic.com/firebasejs/12.4.0/firebase-auth/web-extension.js","functions":"https://www.gstatic.com/firebasejs/12.4.0/firebase-functions.js","firestore":"https://www.gstatic.com/firebasejs/12.4.0/firebase-firestore.js","firestore/lite":"https://www.gstatic.com/firebasejs/12.4.0/firebase-firestore/lite.js","installations":"https://www.gstatic.com/firebasejs/12.4.0/firebase-installations.js","storage":"https://www.gstatic.com/firebasejs/12.4.0/firebase-storage.js","performance":"https://www.gstatic.com/firebasejs/12.4.0/firebase-performance.js","remote-config":"https://www.gstatic.com/firebasejs/12.4.0/firebase-remote-config.js","messaging":"https://www.gstatic.com/firebasejs/12.4.0/firebase-messaging.js","messaging/sw":"https://www.gstatic.com/firebasejs/12.4.0/firebase-messaging/sw.js","database":"https://www.gstatic.com/firebasejs/12.4.0/firebase-database.js","data-connect":"https://www.gstatic.com/firebasejs/12.4.0/firebase-data-connect.js","firestore.memory":"https://www.gstatic.com/firebasejs/12.4.0/firebase-firestore.memory.js"}}
[info] ✔  Wrote public/index.html 
[info] 
[info] i  Didn't detect a .git folder. Assuming /home/koshal1/resturant is the project root. 
[info] i  Authorizing with GitHub to upload your service account to a GitHub repository's secrets store. 
[info] 
[info] Visit this URL on this device to log in:
[info] https://github.com/login/oauth/authorize?client_id=89cf50f02ac6aaed3484&state=9541453&redirect_uri=http%3A%2F%2Flocalhost%3A9005&scope=read%3Auser%20repo%20public_repo
[info] 
[info] Waiting for authentication...
[debug] [2025-10-18T15:24:36.932Z] >>> [apiv2][query] POST https://github.com/login/oauth/access_token [none]
[debug] [2025-10-18T15:24:36.934Z] >>> [apiv2][body] POST https://github.com/login/oauth/access_token [stream]
[debug] [2025-10-18T15:24:37.605Z] <<< [apiv2][status] POST https://github.com/login/oauth/access_token 200
[debug] [2025-10-18T15:24:37.605Z] <<< [apiv2][body] POST https://github.com/login/oauth/access_token {"access_token":"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","token_type":"bearer","scope":"read:user,repo"}
[debug] [2025-10-18T15:24:37.611Z] >>> [apiv2][query] GET https://api.github.com/user [none]
[debug] [2025-10-18T15:24:38.284Z] <<< [apiv2][status] GET https://api.github.com/user 200
[debug] [2025-10-18T15:24:38.284Z] <<< [apiv2][body] GET https://api.github.com/user {"login":"mrbiswas52527-jpg","id":235665151,"node_id":"U_kgDODgv2_w","avatar_url":"https://avatars.githubusercontent.com/u/235665151?v=4","gravatar_id":"","url":"https://api.github.com/users/mrbiswas52527-jpg","html_url":"https://github.com/mrbiswas52527-jpg","followers_url":"https://api.github.com/users/mrbiswas52527-jpg/followers","following_url":"https://api.github.com/users/mrbiswas52527-jpg/following{/other_user}","gists_url":"https://api.github.com/users/mrbiswas52527-jpg/gists{/gist_id}","starred_url":"https://api.github.com/users/mrbiswas52527-jpg/starred{/owner}{/repo}","subscriptions_url":"https://api.github.com/users/mrbiswas52527-jpg/subscriptions","organizations_url":"https://api.github.com/users/mrbiswas52527-jpg/orgs","repos_url":"https://api.github.com/users/mrbiswas52527-jpg/repos","events_url":"https://api.github.com/users/mrbiswas52527-jpg/events{/privacy}","received_events_url":"https://api.github.com/users/mrbiswas52527-jpg/received_events","type":"User","user_view_type":"private","site_admin":false,"name":null,"company":null,"blog":"","location":null,"email":null,"hireable":null,"bio":null,"twitter_username":null,"notification_email":null,"public_repos":1,"public_gists":0,"followers":0,"following":0,"created_at":"2025-10-02T08:43:56Z","updated_at":"2025-10-18T06:39:50Z","private_gists":0,"total_private_repos":0,"owned_private_repos":0,"disk_usage":66,"collaborators":0,"two_factor_authentication":false,"plan":{"name":"free","space":976562499,"collaborators":0,"private_repos":10000}}
[info] 
[info] ✔  Success! Logged into GitHub as mrbiswas52527-jpg 
[info] 
